<?xml version="1.0" encoding="UTF-8"?>
<!-- Generated by org.testng.reporters.JUnitReportReporter -->
<testsuite hostname="tester-VirtualBox" failures="0" tests="1" name="LoginTest" time="7.916" errors="0" timestamp="2022-05-22T16:46:58 CEST" skipped="0">
  <testcase classname="LoginTest" name="LoginTest" time="7.916"/>
  <system-out/>
</testsuite> <!-- LoginTest -->
